Using pre-set license
Built from '2022.3/china_unity/release' branch; Version is '2022.3.42f1c1 (d3f79ae33604) revision 13891482'; Using compiler version '192829333'; Build Type 'Release'
OS: 'Windows 11  (10.0.22621) 64bit Professional' Language: 'zh' Physical Memory: 16236 MB
BatchMode: 1, IsHumanControllingUs: 0, StartBugReporterOnCrash: 0, Is64bit: 1, IsPro: 1

COMMAND LINE ARGUMENTS:
D:\2022.3.42f1c1\Editor\Unity.exe
-adb2
-batchMode
-noUpm
-name
AssetImportWorker1
-projectPath
D:/23gj/25ggj/GGJ-game
-logFile
Logs/AssetImportWorker1.log
-srvPort
65448
Successfully changed project path to: D:/23gj/25ggj/GGJ-game
D:/23gj/25ggj/GGJ-game
[UnityMemory] Configuration Parameters - Can be set up in boot.config
    "memorysetup-bucket-allocator-granularity=16"
    "memorysetup-bucket-allocator-bucket-count=8"
    "memorysetup-bucket-allocator-block-size=33554432"
    "memorysetup-bucket-allocator-block-count=8"
    "memorysetup-main-allocator-block-size=16777216"
    "memorysetup-thread-allocator-block-size=16777216"
    "memorysetup-gfx-main-allocator-block-size=16777216"
    "memorysetup-gfx-thread-allocator-block-size=16777216"
    "memorysetup-cache-allocator-block-size=4194304"
    "memorysetup-typetree-allocator-block-size=2097152"
    "memorysetup-profiler-bucket-allocator-granularity=16"
    "memorysetup-profiler-bucket-allocator-bucket-count=8"
    "memorysetup-profiler-bucket-allocator-block-size=33554432"
    "memorysetup-profiler-bucket-allocator-block-count=8"
    "memorysetup-profiler-allocator-block-size=16777216"
    "memorysetup-profiler-editor-allocator-block-size=1048576"
    "memorysetup-temp-allocator-size-main=16777216"
    "memorysetup-job-temp-allocator-block-size=2097152"
    "memorysetup-job-temp-allocator-block-size-background=1048576"
    "memorysetup-job-temp-allocator-reduction-small-platforms=262144"
    "memorysetup-allocator-temp-initial-block-size-main=262144"
    "memorysetup-allocator-temp-initial-block-size-worker=262144"
    "memorysetup-temp-allocator-size-background-worker=32768"
    "memorysetup-temp-allocator-size-job-worker=262144"
    "memorysetup-temp-allocator-size-preload-manager=33554432"
    "memorysetup-temp-allocator-size-nav-mesh-worker=65536"
    "memorysetup-temp-allocator-size-audio-worker=65536"
    "memorysetup-temp-allocator-size-cloud-worker=32768"
    "memorysetup-temp-allocator-size-gi-baking-worker=262144"
    "memorysetup-temp-allocator-size-gfx=262144"
Player connection [25340]  Target information:

Player connection [25340]  * "[IP] 10.195.59.151 [Port] 0 [Flags] 2 [Guid] 3664637827 [EditorId] 3664637827 [Version] 1048832 [Id] WindowsEditor(7,DESKTOP-JAIJBEP) [Debug] 1 [PackageName] WindowsEditor [ProjectName] Editor" 

Player connection [25340] Host joined multi-casting on [225.0.0.222:54997]...
Player connection [25340] Host joined alternative multi-casting on [225.0.0.222:34997]...
[PhysX] Initialized MultithreadedTaskDispatcher with 16 workers.
Refreshing native plugins compatible for Editor in 43.17 ms, found 4 plugins.
Preloading 0 native plugins for Editor in 0.00 ms.
Initialize engine version: 2022.3.42f1c1 (d3f79ae33604)
[Subsystems] Discovering subsystems at path D:/2022.3.42f1c1/Editor/Data/Resources/UnitySubsystems
[Subsystems] Discovering subsystems at path D:/23gj/25ggj/GGJ-game/Assets
GfxDevice: creating device client; threaded=0; jobified=0
Direct3D:
    Version:  Direct3D 11.0 [level 11.1]
    Renderer: NVIDIA GeForce RTX 3060 Laptop GPU (ID=0x2560)
    Vendor:   NVIDIA
    VRAM:     6023 MB
    Driver:   30.0.15.1236
Initialize mono
Mono path[0] = 'D:/2022.3.42f1c1/Editor/Data/Managed'
Mono path[1] = 'D:/2022.3.42f1c1/Editor/Data/MonoBleedingEdge/lib/mono/unityjit-win32'
Mono config path = 'D:/2022.3.42f1c1/Editor/Data/MonoBleedingEdge/etc'
Using monoOptions --debugger-agent=transport=dt_socket,embedding=1,server=y,suspend=n,address=127.0.0.1:56068
Begin MonoManager ReloadAssembly
Registering precompiled unity dll's ...
Register platform support module: D:/2022.3.42f1c1/Editor/Data/PlaybackEngines/WindowsStandaloneSupport/UnityEditor.WindowsStandalone.Extensions.dll
Registered in 0.008692 seconds.
- Loaded All Assemblies, in  0.398 seconds
Native extension for WindowsStandalone target not found
Mono: successfully reloaded assembly
- Finished resetting the current domain, in  0.228 seconds
Domain Reload Profiling: 614ms
	BeginReloadAssembly (136ms)
		ExecutionOrderSort (0ms)
		DisableScriptedObjects (0ms)
		BackupInstance (0ms)
		ReleaseScriptingObjects (0ms)
		CreateAndSetChildDomain (1ms)
	RebuildCommonClasses (29ms)
	RebuildNativeTypeToScriptingClass (8ms)
	initialDomainReloadingComplete (72ms)
	LoadAllAssembliesAndSetupDomain (140ms)
		LoadAssemblies (128ms)
		RebuildTransferFunctionScriptingTraits (0ms)
		AnalyzeDomain (138ms)
			TypeCache.Refresh (137ms)
				TypeCache.ScanAssembly (125ms)
			ScanForSourceGeneratedMonoScriptInfo (0ms)
			ResolveRequiredComponents (0ms)
	FinalizeReload (229ms)
		ReleaseScriptCaches (0ms)
		RebuildScriptCaches (0ms)
		SetupLoadedEditorAssemblies (190ms)
			LogAssemblyErrors (0ms)
			InitializePlatformSupportModulesInManaged (8ms)
			SetLoadedEditorAssemblies (6ms)
			RefreshPlugins (0ms)
			BeforeProcessingInitializeOnLoad (2ms)
			ProcessInitializeOnLoadAttributes (128ms)
			ProcessInitializeOnLoadMethodAttributes (46ms)
			AfterProcessingInitializeOnLoad (0ms)
			EditorAssembliesLoaded (0ms)
		ExecutionOrderSort2 (0ms)
		AwakeInstancesAfterBackupRestoration (0ms)
========================================================================
Worker process is ready to serve import requests
Caller must complete domain reload
Begin MonoManager ReloadAssembly
- Loaded All Assemblies, in  0.744 seconds
Native extension for WindowsStandalone target not found
Mono: successfully reloaded assembly
- Finished resetting the current domain, in  0.619 seconds
Domain Reload Profiling: 1347ms
	BeginReloadAssembly (177ms)
		ExecutionOrderSort (0ms)
		DisableScriptedObjects (5ms)
		BackupInstance (0ms)
		ReleaseScriptingObjects (0ms)
		CreateAndSetChildDomain (21ms)
	RebuildCommonClasses (28ms)
	RebuildNativeTypeToScriptingClass (8ms)
	initialDomainReloadingComplete (64ms)
	LoadAllAssembliesAndSetupDomain (449ms)
		LoadAssemblies (414ms)
		RebuildTransferFunctionScriptingTraits (0ms)
		AnalyzeDomain (150ms)
			TypeCache.Refresh (124ms)
				TypeCache.ScanAssembly (111ms)
			ScanForSourceGeneratedMonoScriptInfo (20ms)
			ResolveRequiredComponents (5ms)
	FinalizeReload (620ms)
		ReleaseScriptCaches (0ms)
		RebuildScriptCaches (0ms)
		SetupLoadedEditorAssemblies (489ms)
			LogAssemblyErrors (0ms)
			InitializePlatformSupportModulesInManaged (5ms)
			SetLoadedEditorAssemblies (3ms)
			RefreshPlugins (0ms)
			BeforeProcessingInitializeOnLoad (80ms)
			ProcessInitializeOnLoadAttributes (349ms)
			ProcessInitializeOnLoadMethodAttributes (31ms)
			AfterProcessingInitializeOnLoad (21ms)
			EditorAssembliesLoaded (0ms)
		ExecutionOrderSort2 (0ms)
		AwakeInstancesAfterBackupRestoration (8ms)
Launched and connected shader compiler UnityShaderCompiler.exe after 0.10 seconds
Refreshing native plugins compatible for Editor in 16.59 ms, found 4 plugins.
Preloading 0 native plugins for Editor in 0.00 ms.
Unloading 4225 Unused Serialized files (Serialized files now loaded: 0)
Unloading 46 unused Assets / (1.8 MB). Loaded Objects now: 4688.
Memory consumption went from 161.1 MB to 159.3 MB.
Total: 3.322700 ms (FindLiveObjects: 0.258400 ms CreateObjectMapping: 0.102400 ms MarkObjects: 2.589800 ms  DeleteObjects: 0.369800 ms)

AssetImportParameters requested are different than current active one (requested -> active):
  custom:container-demuxer-ogg: 62fdf1f143b41e24485cea50d1cbac27 -> 
  custom:video-codec-MediaFoundation-h265: 746d11721c4dcdbdad8f713fa42b33f4 -> 
  custom:video-decoder-ogg-theora: a1e56fd34408186e4bbccfd4996cb3dc -> 
  custom:framework-win-MediaFoundation: 216162199b28c13a410421893ffa2e32 -> 
  custom:CustomObjectIndexerAttribute: 9a22284fe3817be447336de3de66b15e -> 
  custom:container-demuxer-webm: 4f35f7cbe854078d1ac9338744f61a02 -> 
  custom:container-muxer-webm: aa71ff27fc2769a1b78a27578f13a17b -> 
  custom:video-decoder-webm-vp8: 9c59270c3fd7afecdb556c50c9e8de78 -> 
  custom:SearchIndexIgnoredProperties: e643bd26f0fe6173181afceb89e7c659 -> 
  custom:AudioImporter_EditorPlatform: d09bf68614088b80899f8185d706f6e7 -> 
  custom:video-encoder-webm-vp8: eb34c28f22e8b96e1ab97ce403110664 -> 
  custom:audio-decoder-ogg-vorbis: bf7c407c2cedff20999df2af8eb42d56 -> 
  custom:audio-encoder-webm-vorbis: bf7c407c2cedff20999df2af8eb42d56 -> 
========================================================================
Received Prepare
Caller must complete domain reload
Begin MonoManager ReloadAssembly
- Loaded All Assemblies, in  1.834 seconds
Native extension for WindowsStandalone target not found
Mono: successfully reloaded assembly
- Finished resetting the current domain, in  0.704 seconds
Domain Reload Profiling: 2518ms
	BeginReloadAssembly (1355ms)
		ExecutionOrderSort (0ms)
		DisableScriptedObjects (1117ms)
		BackupInstance (0ms)
		ReleaseScriptingObjects (0ms)
		CreateAndSetChildDomain (38ms)
	RebuildCommonClasses (34ms)
	RebuildNativeTypeToScriptingClass (12ms)
	initialDomainReloadingComplete (60ms)
	LoadAllAssembliesAndSetupDomain (353ms)
		LoadAssemblies (487ms)
		RebuildTransferFunctionScriptingTraits (0ms)
		AnalyzeDomain (11ms)
			TypeCache.Refresh (4ms)
				TypeCache.ScanAssembly (0ms)
			ScanForSourceGeneratedMonoScriptInfo (0ms)
			ResolveRequiredComponents (6ms)
	FinalizeReload (705ms)
		ReleaseScriptCaches (0ms)
		RebuildScriptCaches (0ms)
		SetupLoadedEditorAssemblies (521ms)
			LogAssemblyErrors (0ms)
			InitializePlatformSupportModulesInManaged (6ms)
			SetLoadedEditorAssemblies (3ms)
			RefreshPlugins (0ms)
			BeforeProcessingInitializeOnLoad (88ms)
			ProcessInitializeOnLoadAttributes (363ms)
			ProcessInitializeOnLoadMethodAttributes (32ms)
			AfterProcessingInitializeOnLoad (28ms)
			EditorAssembliesLoaded (0ms)
		ExecutionOrderSort2 (0ms)
		AwakeInstancesAfterBackupRestoration (17ms)
Refreshing native plugins compatible for Editor in 19.41 ms, found 4 plugins.
Preloading 0 native plugins for Editor in 0.00 ms.
Unloading 4170 Unused Serialized files (Serialized files now loaded: 0)
Unloading 33 unused Assets / (1.8 MB). Loaded Objects now: 4693.
Memory consumption went from 148.6 MB to 146.8 MB.
Total: 4.122200 ms (FindLiveObjects: 0.319400 ms CreateObjectMapping: 0.307400 ms MarkObjects: 3.154000 ms  DeleteObjects: 0.340300 ms)

Prepare: number of updated asset objects reloaded= 0
AssetImportParameters requested are different than current active one (requested -> active):
  custom:container-demuxer-ogg: 62fdf1f143b41e24485cea50d1cbac27 -> 
  custom:video-codec-MediaFoundation-h265: 746d11721c4dcdbdad8f713fa42b33f4 -> 
  custom:video-decoder-ogg-theora: a1e56fd34408186e4bbccfd4996cb3dc -> 
  custom:framework-win-MediaFoundation: 216162199b28c13a410421893ffa2e32 -> 
  custom:CustomObjectIndexerAttribute: 9a22284fe3817be447336de3de66b15e -> 
  custom:container-demuxer-webm: 4f35f7cbe854078d1ac9338744f61a02 -> 
  custom:container-muxer-webm: aa71ff27fc2769a1b78a27578f13a17b -> 
  custom:video-decoder-webm-vp8: 9c59270c3fd7afecdb556c50c9e8de78 -> 
  custom:SearchIndexIgnoredProperties: e643bd26f0fe6173181afceb89e7c659 -> 
  custom:AudioImporter_EditorPlatform: d09bf68614088b80899f8185d706f6e7 -> 
  custom:video-encoder-webm-vp8: eb34c28f22e8b96e1ab97ce403110664 -> 
  custom:audio-decoder-ogg-vorbis: bf7c407c2cedff20999df2af8eb42d56 -> 
  custom:audio-encoder-webm-vorbis: bf7c407c2cedff20999df2af8eb42d56 -> 
========================================================================
Received Prepare
Caller must complete domain reload
Begin MonoManager ReloadAssembly
- Loaded All Assemblies, in  0.612 seconds
Native extension for WindowsStandalone target not found
Mono: successfully reloaded assembly
- Finished resetting the current domain, in  1.885 seconds
Domain Reload Profiling: 2478ms
	BeginReloadAssembly (198ms)
		ExecutionOrderSort (0ms)
		DisableScriptedObjects (9ms)
		BackupInstance (0ms)
		ReleaseScriptingObjects (0ms)
		CreateAndSetChildDomain (29ms)
	RebuildCommonClasses (30ms)
	RebuildNativeTypeToScriptingClass (9ms)
	initialDomainReloadingComplete (56ms)
	LoadAllAssembliesAndSetupDomain (299ms)
		LoadAssemblies (408ms)
		RebuildTransferFunctionScriptingTraits (0ms)
		AnalyzeDomain (11ms)
			TypeCache.Refresh (5ms)
				TypeCache.ScanAssembly (0ms)
			ScanForSourceGeneratedMonoScriptInfo (0ms)
			ResolveRequiredComponents (5ms)
	FinalizeReload (1886ms)
		ReleaseScriptCaches (0ms)
		RebuildScriptCaches (0ms)
		SetupLoadedEditorAssemblies (513ms)
			LogAssemblyErrors (0ms)
			InitializePlatformSupportModulesInManaged (6ms)
			SetLoadedEditorAssemblies (3ms)
			RefreshPlugins (0ms)
			BeforeProcessingInitializeOnLoad (84ms)
			ProcessInitializeOnLoadAttributes (364ms)
			ProcessInitializeOnLoadMethodAttributes (31ms)
			AfterProcessingInitializeOnLoad (24ms)
			EditorAssembliesLoaded (0ms)
		ExecutionOrderSort2 (0ms)
		AwakeInstancesAfterBackupRestoration (14ms)
Refreshing native plugins compatible for Editor in 18.12 ms, found 4 plugins.
Preloading 0 native plugins for Editor in 0.00 ms.
Unloading 4170 Unused Serialized files (Serialized files now loaded: 0)
Unloading 33 unused Assets / (1.8 MB). Loaded Objects now: 4697.
Memory consumption went from 148.6 MB to 146.8 MB.
Total: 3.765400 ms (FindLiveObjects: 0.289000 ms CreateObjectMapping: 0.233900 ms MarkObjects: 2.938700 ms  DeleteObjects: 0.302900 ms)

Prepare: number of updated asset objects reloaded= 0
AssetImportParameters requested are different than current active one (requested -> active):
  custom:container-demuxer-ogg: 62fdf1f143b41e24485cea50d1cbac27 -> 
  custom:video-codec-MediaFoundation-h265: 746d11721c4dcdbdad8f713fa42b33f4 -> 
  custom:video-decoder-ogg-theora: a1e56fd34408186e4bbccfd4996cb3dc -> 
  custom:framework-win-MediaFoundation: 216162199b28c13a410421893ffa2e32 -> 
  custom:CustomObjectIndexerAttribute: 9a22284fe3817be447336de3de66b15e -> 
  custom:container-demuxer-webm: 4f35f7cbe854078d1ac9338744f61a02 -> 
  custom:container-muxer-webm: aa71ff27fc2769a1b78a27578f13a17b -> 
  custom:video-decoder-webm-vp8: 9c59270c3fd7afecdb556c50c9e8de78 -> 
  custom:SearchIndexIgnoredProperties: e643bd26f0fe6173181afceb89e7c659 -> 
  custom:AudioImporter_EditorPlatform: d09bf68614088b80899f8185d706f6e7 -> 
  custom:video-encoder-webm-vp8: eb34c28f22e8b96e1ab97ce403110664 -> 
  custom:audio-decoder-ogg-vorbis: bf7c407c2cedff20999df2af8eb42d56 -> 
  custom:audio-encoder-webm-vorbis: bf7c407c2cedff20999df2af8eb42d56 -> 
========================================================================
Received Prepare
Caller must complete domain reload
Begin MonoManager ReloadAssembly
- Loaded All Assemblies, in  0.624 seconds
Native extension for WindowsStandalone target not found
Mono: successfully reloaded assembly
- Finished resetting the current domain, in  1.945 seconds
Domain Reload Profiling: 2549ms
	BeginReloadAssembly (203ms)
		ExecutionOrderSort (0ms)
		DisableScriptedObjects (10ms)
		BackupInstance (0ms)
		ReleaseScriptingObjects (0ms)
		CreateAndSetChildDomain (29ms)
	RebuildCommonClasses (29ms)
	RebuildNativeTypeToScriptingClass (9ms)
	initialDomainReloadingComplete (53ms)
	LoadAllAssembliesAndSetupDomain (310ms)
		LoadAssemblies (421ms)
		RebuildTransferFunctionScriptingTraits (0ms)
		AnalyzeDomain (11ms)
			TypeCache.Refresh (5ms)
				TypeCache.ScanAssembly (0ms)
			ScanForSourceGeneratedMonoScriptInfo (0ms)
			ResolveRequiredComponents (5ms)
	FinalizeReload (1945ms)
		ReleaseScriptCaches (0ms)
		RebuildScriptCaches (0ms)
		SetupLoadedEditorAssemblies (529ms)
			LogAssemblyErrors (0ms)
			InitializePlatformSupportModulesInManaged (7ms)
			SetLoadedEditorAssemblies (3ms)
			RefreshPlugins (0ms)
			BeforeProcessingInitializeOnLoad (91ms)
			ProcessInitializeOnLoadAttributes (367ms)
			ProcessInitializeOnLoadMethodAttributes (35ms)
			AfterProcessingInitializeOnLoad (26ms)
			EditorAssembliesLoaded (0ms)
		ExecutionOrderSort2 (0ms)
		AwakeInstancesAfterBackupRestoration (19ms)
Refreshing native plugins compatible for Editor in 19.99 ms, found 4 plugins.
Preloading 0 native plugins for Editor in 0.00 ms.
Unloading 4170 Unused Serialized files (Serialized files now loaded: 0)
Unloading 33 unused Assets / (1.8 MB). Loaded Objects now: 4701.
Memory consumption went from 148.6 MB to 146.8 MB.
Total: 3.721400 ms (FindLiveObjects: 0.265100 ms CreateObjectMapping: 0.218700 ms MarkObjects: 2.919700 ms  DeleteObjects: 0.317100 ms)

Prepare: number of updated asset objects reloaded= 0
AssetImportParameters requested are different than current active one (requested -> active):
  custom:container-demuxer-ogg: 62fdf1f143b41e24485cea50d1cbac27 -> 
  custom:video-codec-MediaFoundation-h265: 746d11721c4dcdbdad8f713fa42b33f4 -> 
  custom:video-decoder-ogg-theora: a1e56fd34408186e4bbccfd4996cb3dc -> 
  custom:framework-win-MediaFoundation: 216162199b28c13a410421893ffa2e32 -> 
  custom:CustomObjectIndexerAttribute: 9a22284fe3817be447336de3de66b15e -> 
  custom:container-demuxer-webm: 4f35f7cbe854078d1ac9338744f61a02 -> 
  custom:container-muxer-webm: aa71ff27fc2769a1b78a27578f13a17b -> 
  custom:video-decoder-webm-vp8: 9c59270c3fd7afecdb556c50c9e8de78 -> 
  custom:SearchIndexIgnoredProperties: e643bd26f0fe6173181afceb89e7c659 -> 
  custom:AudioImporter_EditorPlatform: d09bf68614088b80899f8185d706f6e7 -> 
  custom:video-encoder-webm-vp8: eb34c28f22e8b96e1ab97ce403110664 -> 
  custom:audio-decoder-ogg-vorbis: bf7c407c2cedff20999df2af8eb42d56 -> 
  custom:audio-encoder-webm-vorbis: bf7c407c2cedff20999df2af8eb42d56 -> 
========================================================================
Received Import Request.
  Time since last request: 884602.924668 seconds.
  path: Assets/Prefabs/clue.prefab
  artifactKey: Guid(76dd31b259e8ee04fb109f0b8de7203a) Importer(2089858483,0ecaa5967403d082aa24f35e1b516d23)
Start importing Assets/Prefabs/clue.prefab using Guid(76dd31b259e8ee04fb109f0b8de7203a) Importer(2089858483,0ecaa5967403d082aa24f35e1b516d23) [PhysX] Initialized MultithreadedTaskDispatcher with 16 workers.
 -> (artifact id: '54334610e1bb1e059b8f2b818001e62c') in 0.054907 seconds
Number of updated asset objects reloaded before import = 0
Number of asset objects unloaded after import = 0
========================================================================
Received Import Request.
  Time since last request: 0.316955 seconds.
  path: Assets/Prefabs/EventSystem.prefab
  artifactKey: Guid(d3affe2d9978ef048b23b63b38d04cb9) Importer(2089858483,0ecaa5967403d082aa24f35e1b516d23)
Start importing Assets/Prefabs/EventSystem.prefab using Guid(d3affe2d9978ef048b23b63b38d04cb9) Importer(2089858483,0ecaa5967403d082aa24f35e1b516d23) [PhysX] Initialized MultithreadedTaskDispatcher with 16 workers.
 -> (artifact id: 'b6e92a0c47550b65c42b4ebb9b63dd04') in 0.004642 seconds
Number of updated asset objects reloaded before import = 0
Number of asset objects unloaded after import = 0
========================================================================
Received Import Request.
  Time since last request: 0.495878 seconds.
  path: Assets/Raving Bots/Water 2D Kit Manual.pdf
  artifactKey: Guid(19caa64e77f436d49b400574ff24b78d) Importer(2089858483,0ecaa5967403d082aa24f35e1b516d23)
Start importing Assets/Raving Bots/Water 2D Kit Manual.pdf using Guid(19caa64e77f436d49b400574ff24b78d) Importer(2089858483,0ecaa5967403d082aa24f35e1b516d23) [PhysX] Initialized MultithreadedTaskDispatcher with 16 workers.
 -> (artifact id: 'c9d1f031a89c1ce43657a51f7be2e6f7') in 0.006625 seconds
Number of updated asset objects reloaded before import = 0
Number of asset objects unloaded after import = 1
========================================================================
Received Import Request.
  Time since last request: 0.379143 seconds.
  path: Assets/Script/BackGround.cs
  artifactKey: Guid(698a35b142286cb46adea74d75d0df3d) Importer(2089858483,0ecaa5967403d082aa24f35e1b516d23)
Start importing Assets/Script/BackGround.cs using Guid(698a35b142286cb46adea74d75d0df3d) Importer(2089858483,0ecaa5967403d082aa24f35e1b516d23) [PhysX] Initialized MultithreadedTaskDispatcher with 16 workers.
 -> (artifact id: '4c9c05bd232820fb1ac7d135aca3bcf6') in 0.035888 seconds
Number of updated asset objects reloaded before import = 0
Number of asset objects unloaded after import = 1
========================================================================
Received Import Request.
  Time since last request: 0.000022 seconds.
  path: Assets/Script/Follow_.cs
  artifactKey: Guid(7cad329161994ed4f9f4e89803eb0708) Importer(2089858483,0ecaa5967403d082aa24f35e1b516d23)
Start importing Assets/Script/Follow_.cs using Guid(7cad329161994ed4f9f4e89803eb0708) Importer(2089858483,0ecaa5967403d082aa24f35e1b516d23) [PhysX] Initialized MultithreadedTaskDispatcher with 16 workers.
 -> (artifact id: '7abe27b29e62f39f670baf47d73e7227') in 0.005789 seconds
Number of updated asset objects reloaded before import = 0
Number of asset objects unloaded after import = 1
========================================================================
Received Import Request.
  Time since last request: 0.456417 seconds.
  path: Assets/Script/ItemDataArray.cs
  artifactKey: Guid(c67e227e0de33514f95e5fe26375b24d) Importer(2089858483,0ecaa5967403d082aa24f35e1b516d23)
Start importing Assets/Script/ItemDataArray.cs using Guid(c67e227e0de33514f95e5fe26375b24d) Importer(2089858483,0ecaa5967403d082aa24f35e1b516d23) [PhysX] Initialized MultithreadedTaskDispatcher with 16 workers.
 -> (artifact id: '222f7b65e3d5c8d9a5c6ec48a05a3dcb') in 0.006966 seconds
Number of updated asset objects reloaded before import = 0
Number of asset objects unloaded after import = 1
========================================================================
Received Import Request.
  Time since last request: 0.417667 seconds.
  path: Assets/Art/Animation/Button_on.anim
  artifactKey: Guid(8718682e2743d3640b4ee339f1f9edac) Importer(2089858483,0ecaa5967403d082aa24f35e1b516d23)
Start importing Assets/Art/Animation/Button_on.anim using Guid(8718682e2743d3640b4ee339f1f9edac) Importer(2089858483,0ecaa5967403d082aa24f35e1b516d23) [PhysX] Initialized MultithreadedTaskDispatcher with 16 workers.
 -> (artifact id: '78a9f94d99eac90ef8c4e1f563d40682') in 0.019815 seconds
Number of updated asset objects reloaded before import = 0
Number of asset objects unloaded after import = 1
========================================================================
Received Import Request.
  Time since last request: 0.000022 seconds.
  path: Assets/Art/Fonts/SIMKAI SDF.asset
  artifactKey: Guid(99a7ec44ca299294bb63f8d13db07bfe) Importer(2089858483,0ecaa5967403d082aa24f35e1b516d23)
Start importing Assets/Art/Fonts/SIMKAI SDF.asset using Guid(99a7ec44ca299294bb63f8d13db07bfe) Importer(2089858483,0ecaa5967403d082aa24f35e1b516d23) [PhysX] Initialized MultithreadedTaskDispatcher with 16 workers.
 -> (artifact id: '9b19826fcbc5abad26f7c810b0beb4e4') in 0.067451 seconds
Number of updated asset objects reloaded before import = 0
Number of asset objects unloaded after import = 5
========================================================================
Received Import Request.
  Time since last request: 0.409144 seconds.
  path: Assets/Art/Image/1工作室.jpg
  artifactKey: Guid(b2030fa89a67d0d45ba29fedea3f8b23) Importer(2089858483,0ecaa5967403d082aa24f35e1b516d23)
Start importing Assets/Art/Image/1工作室.jpg using Guid(b2030fa89a67d0d45ba29fedea3f8b23) Importer(2089858483,0ecaa5967403d082aa24f35e1b516d23) [PhysX] Initialized MultithreadedTaskDispatcher with 16 workers.
 -> (artifact id: 'a4848f49f7be5f01cbfbcd7434352f2d') in 0.035764 seconds
Number of updated asset objects reloaded before import = 0
Number of asset objects unloaded after import = 3
========================================================================
Received Import Request.
  Time since last request: 0.000019 seconds.
  path: Assets/TextMesh Pro/Shaders/TMPro_Mobile.cginc
  artifactKey: Guid(c334973cef89a9840b0b0c507e0377ab) Importer(2089858483,0ecaa5967403d082aa24f35e1b516d23)
Start importing Assets/TextMesh Pro/Shaders/TMPro_Mobile.cginc using Guid(c334973cef89a9840b0b0c507e0377ab) Importer(2089858483,0ecaa5967403d082aa24f35e1b516d23) [PhysX] Initialized MultithreadedTaskDispatcher with 16 workers.
 -> (artifact id: 'e426b2049b3ec590815efa8c95063133') in 0.006263 seconds
Number of updated asset objects reloaded before import = 0
Number of asset objects unloaded after import = 1
========================================================================
Received Import Request.
  Time since last request: 0.000017 seconds.
  path: Assets/TextMesh Pro/Sprites/EmojiOne.json
  artifactKey: Guid(8f05276190cf498a8153f6cbe761d4e6) Importer(2089858483,0ecaa5967403d082aa24f35e1b516d23)
Start importing Assets/TextMesh Pro/Sprites/EmojiOne.json using Guid(8f05276190cf498a8153f6cbe761d4e6) Importer(2089858483,0ecaa5967403d082aa24f35e1b516d23) [PhysX] Initialized MultithreadedTaskDispatcher with 16 workers.
 -> (artifact id: '3aecfe54b08e93b4b4787e9d108e70d4') in 0.004920 seconds
Number of updated asset objects reloaded before import = 0
Number of asset objects unloaded after import = 1
========================================================================
Received Import Request.
  Time since last request: 0.000015 seconds.
  path: Assets/Raving Bots/Scripts/Water2D/Water2DMaterialScaler.cs
  artifactKey: Guid(36cc14215156a634899d4af63cb3e17d) Importer(2089858483,0ecaa5967403d082aa24f35e1b516d23)
Start importing Assets/Raving Bots/Scripts/Water2D/Water2DMaterialScaler.cs using Guid(36cc14215156a634899d4af63cb3e17d) Importer(2089858483,0ecaa5967403d082aa24f35e1b516d23) [PhysX] Initialized MultithreadedTaskDispatcher with 16 workers.
 -> (artifact id: '066dcedd451fb276f61d1d2c983a787c') in 0.005165 seconds
Number of updated asset objects reloaded before import = 0
Number of asset objects unloaded after import = 1
========================================================================
Received Import Request.
  Time since last request: 0.000018 seconds.
  path: Assets/TextMesh Pro/Shaders/TMP_SDF-Mobile Overlay.shader
  artifactKey: Guid(a02a7d8c237544f1962732b55a9aebf1) Importer(2089858483,0ecaa5967403d082aa24f35e1b516d23)
Start importing Assets/TextMesh Pro/Shaders/TMP_SDF-Mobile Overlay.shader using Guid(a02a7d8c237544f1962732b55a9aebf1) Importer(2089858483,0ecaa5967403d082aa24f35e1b516d23) [PhysX] Initialized MultithreadedTaskDispatcher with 16 workers.
 -> (artifact id: '78faf7f46cb17810f1be4de19e8564a3') in 0.010024 seconds
Number of updated asset objects reloaded before import = 0
Number of asset objects unloaded after import = 1
========================================================================
Received Import Request.
  Time since last request: 0.000024 seconds.
  path: Assets/Script/BackPack/BackpackUIController.cs
  artifactKey: Guid(936f764440aeeba4da9c2bd8eed46fac) Importer(2089858483,0ecaa5967403d082aa24f35e1b516d23)
Start importing Assets/Script/BackPack/BackpackUIController.cs using Guid(936f764440aeeba4da9c2bd8eed46fac) Importer(2089858483,0ecaa5967403d082aa24f35e1b516d23) [PhysX] Initialized MultithreadedTaskDispatcher with 16 workers.
 -> (artifact id: 'f192661c32cd03fde5672581d070fc5c') in 0.006554 seconds
Number of updated asset objects reloaded before import = 0
Number of asset objects unloaded after import = 1
========================================================================
Received Import Request.
  Time since last request: 0.000023 seconds.
  path: Assets/Raving Bots/Sounds/Water Splash 1.wav
  artifactKey: Guid(f247ead281ab1d8469830ab3541c201f) Importer(2089858483,0ecaa5967403d082aa24f35e1b516d23)
Start importing Assets/Raving Bots/Sounds/Water Splash 1.wav using Guid(f247ead281ab1d8469830ab3541c201f) Importer(2089858483,0ecaa5967403d082aa24f35e1b516d23) [PhysX] Initialized MultithreadedTaskDispatcher with 16 workers.
 -> (artifact id: 'e34f1811059ef2730c098aafa76e81c7') in 0.045924 seconds
Number of updated asset objects reloaded before import = 0
Number of asset objects unloaded after import = 1
========================================================================
Received Import Request.
  Time since last request: 0.000019 seconds.
  path: Assets/Scripts/UI/UIManager.cs
  artifactKey: Guid(f53a8162530923747bdde62f670f40a1) Importer(2089858483,0ecaa5967403d082aa24f35e1b516d23)
Start importing Assets/Scripts/UI/UIManager.cs using Guid(f53a8162530923747bdde62f670f40a1) Importer(2089858483,0ecaa5967403d082aa24f35e1b516d23) [PhysX] Initialized MultithreadedTaskDispatcher with 16 workers.
 -> (artifact id: 'a080e4884bde45068a59acaf4dfcc559') in 0.005086 seconds
Number of updated asset objects reloaded before import = 0
Number of asset objects unloaded after import = 1
========================================================================
Received Import Request.
  Time since last request: 0.000022 seconds.
  path: Assets/Plugins/DOTween/Modules/DOTweenModuleAudio.cs
  artifactKey: Guid(93575e759c5f6a849883ae41ee8d681a) Importer(2089858483,0ecaa5967403d082aa24f35e1b516d23)
Start importing Assets/Plugins/DOTween/Modules/DOTweenModuleAudio.cs using Guid(93575e759c5f6a849883ae41ee8d681a) Importer(2089858483,0ecaa5967403d082aa24f35e1b516d23) [PhysX] Initialized MultithreadedTaskDispatcher with 16 workers.
 -> (artifact id: 'a402447aad21144f15f0067647c03697') in 0.006437 seconds
Number of updated asset objects reloaded before import = 0
Number of asset objects unloaded after import = 1
========================================================================
Received Import Request.
  Time since last request: 0.000019 seconds.
  path: Assets/Raving Bots/Sounds/Water Splash 2.wav
  artifactKey: Guid(0591439b83d186047ab2f25c3f1eee97) Importer(2089858483,0ecaa5967403d082aa24f35e1b516d23)
Start importing Assets/Raving Bots/Sounds/Water Splash 2.wav using Guid(0591439b83d186047ab2f25c3f1eee97) Importer(2089858483,0ecaa5967403d082aa24f35e1b516d23) [PhysX] Initialized MultithreadedTaskDispatcher with 16 workers.
 -> (artifact id: '8a0dc3d2705bd0aeef7b5a6445c2b8da') in 0.036882 seconds
Number of updated asset objects reloaded before import = 0
Number of asset objects unloaded after import = 1
========================================================================
Received Import Request.
  Time since last request: 0.000017 seconds.
  path: Assets/Raving Bots/Normals/refraction 2.jpg
  artifactKey: Guid(f5a22d8f3273fda449b39576de376996) Importer(2089858483,0ecaa5967403d082aa24f35e1b516d23)
Start importing Assets/Raving Bots/Normals/refraction 2.jpg using Guid(f5a22d8f3273fda449b39576de376996) Importer(2089858483,0ecaa5967403d082aa24f35e1b516d23) [PhysX] Initialized MultithreadedTaskDispatcher with 16 workers.
 -> (artifact id: '5fe6281779b0100f7f6ab4b2c8442101') in 0.011732 seconds
Number of updated asset objects reloaded before import = 0
Number of asset objects unloaded after import = 1
========================================================================
Received Import Request.
  Time since last request: 0.000020 seconds.
  path: Assets/Plugins/DOTween/Modules/DOTweenModuleUtils.cs
  artifactKey: Guid(9c5576cd5b8595748858a97c8ee2b610) Importer(2089858483,0ecaa5967403d082aa24f35e1b516d23)
Start importing Assets/Plugins/DOTween/Modules/DOTweenModuleUtils.cs using Guid(9c5576cd5b8595748858a97c8ee2b610) Importer(2089858483,0ecaa5967403d082aa24f35e1b516d23) [PhysX] Initialized MultithreadedTaskDispatcher with 16 workers.
 -> (artifact id: 'f5c11d70c7830ef17c5249cf4878f9ac') in 0.005322 seconds
Number of updated asset objects reloaded before import = 0
Number of asset objects unloaded after import = 1
========================================================================
Received Import Request.
  Time since last request: 0.000018 seconds.
  path: Assets/Art/Image/QQ20250118-054911.png
  artifactKey: Guid(36cf3f5b7be2b984694f238d933132fb) Importer(2089858483,0ecaa5967403d082aa24f35e1b516d23)
Start importing Assets/Art/Image/QQ20250118-054911.png using Guid(36cf3f5b7be2b984694f238d933132fb) Importer(2089858483,0ecaa5967403d082aa24f35e1b516d23) [PhysX] Initialized MultithreadedTaskDispatcher with 16 workers.
 -> (artifact id: '95727c67a21422be36f60b89e70fa10d') in 0.031537 seconds
Number of updated asset objects reloaded before import = 0
Number of asset objects unloaded after import = 3
========================================================================
Received Import Request.
  Time since last request: 0.000018 seconds.
  path: Assets/Raving Bots/Shaders/Water2D.cginc
  artifactKey: Guid(b2d2b343d90b4174a9c8b4199cdccba1) Importer(2089858483,0ecaa5967403d082aa24f35e1b516d23)
Start importing Assets/Raving Bots/Shaders/Water2D.cginc using Guid(b2d2b343d90b4174a9c8b4199cdccba1) Importer(2089858483,0ecaa5967403d082aa24f35e1b516d23) [PhysX] Initialized MultithreadedTaskDispatcher with 16 workers.
 -> (artifact id: '1f37a97a7c8b40bb23a0144ced1c96c7') in 0.004682 seconds
Number of updated asset objects reloaded before import = 0
Number of asset objects unloaded after import = 1
========================================================================
Received Import Request.
  Time since last request: 0.000025 seconds.
  path: Assets/Raving Bots/Scripts/Water2D/Water2DGrabRenderTex.cs
  artifactKey: Guid(69aed209475dc9a46bcc021ed9e963a5) Importer(2089858483,0ecaa5967403d082aa24f35e1b516d23)
Start importing Assets/Raving Bots/Scripts/Water2D/Water2DGrabRenderTex.cs using Guid(69aed209475dc9a46bcc021ed9e963a5) Importer(2089858483,0ecaa5967403d082aa24f35e1b516d23) [PhysX] Initialized MultithreadedTaskDispatcher with 16 workers.
 -> (artifact id: '64c8a4d9d3e70eccb0fb640a491d9332') in 0.006751 seconds
Number of updated asset objects reloaded before import = 0
Number of asset objects unloaded after import = 1
========================================================================
Received Import Request.
  Time since last request: 0.000021 seconds.
  path: Assets/Raving Bots/Textures/Water FX/bubble empty.tga
  artifactKey: Guid(b523a164407286e40995356ffe17d253) Importer(2089858483,0ecaa5967403d082aa24f35e1b516d23)
Start importing Assets/Raving Bots/Textures/Water FX/bubble empty.tga using Guid(b523a164407286e40995356ffe17d253) Importer(2089858483,0ecaa5967403d082aa24f35e1b516d23) [PhysX] Initialized MultithreadedTaskDispatcher with 16 workers.
 -> (artifact id: 'c165bc0e60470479d383c013b4747c30') in 0.011551 seconds
Number of updated asset objects reloaded before import = 0
Number of asset objects unloaded after import = 1
========================================================================
Received Import Request.
  Time since last request: 0.000019 seconds.
  path: Assets/Art/Image/手绘箭头2 (2)_爱给网_aigei_com 1.png
  artifactKey: Guid(54a1d0b6b3b2e84469464e0dec251dc8) Importer(2089858483,0ecaa5967403d082aa24f35e1b516d23)
Start importing Assets/Art/Image/手绘箭头2 (2)_爱给网_aigei_com 1.png using Guid(54a1d0b6b3b2e84469464e0dec251dc8) Importer(2089858483,0ecaa5967403d082aa24f35e1b516d23) [PhysX] Initialized MultithreadedTaskDispatcher with 16 workers.
 -> (artifact id: '472f87ea6f5b8794178ee21bb41c15c7') in 0.017324 seconds
Number of updated asset objects reloaded before import = 0
Number of asset objects unloaded after import = 3
========================================================================
Received Import Request.
  Time since last request: 0.000024 seconds.
  path: Assets/Plugins/DOTween/Modules/DOTweenModuleSprite.cs
  artifactKey: Guid(002945f8a6c2d8840ad934032e3184a4) Importer(2089858483,0ecaa5967403d082aa24f35e1b516d23)
Start importing Assets/Plugins/DOTween/Modules/DOTweenModuleSprite.cs using Guid(002945f8a6c2d8840ad934032e3184a4) Importer(2089858483,0ecaa5967403d082aa24f35e1b516d23) [PhysX] Initialized MultithreadedTaskDispatcher with 16 workers.
 -> (artifact id: '97291511e84d04c3305441485cea10ad') in 0.005709 seconds
Number of updated asset objects reloaded before import = 0
Number of asset objects unloaded after import = 1
========================================================================
Received Import Request.
  Time since last request: 0.000035 seconds.
  path: Assets/TextMesh Pro/Documentation/TextMesh Pro User Guide 2016.pdf
  artifactKey: Guid(1b8d251f9af63b746bf2f7ffe00ebb9b) Importer(2089858483,0ecaa5967403d082aa24f35e1b516d23)
Start importing Assets/TextMesh Pro/Documentation/TextMesh Pro User Guide 2016.pdf using Guid(1b8d251f9af63b746bf2f7ffe00ebb9b) Importer(2089858483,0ecaa5967403d082aa24f35e1b516d23) [PhysX] Initialized MultithreadedTaskDispatcher with 16 workers.
 -> (artifact id: '539253ba34ec1b1c5a001da40d3fa4b5') in 0.005896 seconds
Number of updated asset objects reloaded before import = 0
Number of asset objects unloaded after import = 1
========================================================================
Received Import Request.
  Time since last request: 0.000022 seconds.
  path: Assets/Plugins/DOTween/Modules/DOTweenModuleEPOOutline.cs
  artifactKey: Guid(1fccf7b76fa0b624ba837fcf5b433a89) Importer(2089858483,0ecaa5967403d082aa24f35e1b516d23)
Start importing Assets/Plugins/DOTween/Modules/DOTweenModuleEPOOutline.cs using Guid(1fccf7b76fa0b624ba837fcf5b433a89) Importer(2089858483,0ecaa5967403d082aa24f35e1b516d23) [PhysX] Initialized MultithreadedTaskDispatcher with 16 workers.
 -> (artifact id: '30cb00b807d749a6db52a68285c0abc6') in 0.005426 seconds
Number of updated asset objects reloaded before import = 0
Number of asset objects unloaded after import = 1
========================================================================
Received Import Request.
  Time since last request: 0.000021 seconds.
  path: Assets/Raving Bots/Textures/Water Style 0/water 0 depths 3.tga
  artifactKey: Guid(4dbab6a451c0deb43a085e1664970c9d) Importer(2089858483,0ecaa5967403d082aa24f35e1b516d23)
Start importing Assets/Raving Bots/Textures/Water Style 0/water 0 depths 3.tga using Guid(4dbab6a451c0deb43a085e1664970c9d) Importer(2089858483,0ecaa5967403d082aa24f35e1b516d23) [PhysX] Initialized MultithreadedTaskDispatcher with 16 workers.
 -> (artifact id: 'af54d267776f75b00fcd8df331d21cb1') in 0.015905 seconds
Number of updated asset objects reloaded before import = 0
Number of asset objects unloaded after import = 1
========================================================================
Received Import Request.
  Time since last request: 0.000025 seconds.
  path: Assets/Raving Bots/Sounds/Water Splash 3.wav
  artifactKey: Guid(6aa3fcd00f382d74291dc979e8178105) Importer(2089858483,0ecaa5967403d082aa24f35e1b516d23)
Start importing Assets/Raving Bots/Sounds/Water Splash 3.wav using Guid(6aa3fcd00f382d74291dc979e8178105) Importer(2089858483,0ecaa5967403d082aa24f35e1b516d23) [PhysX] Initialized MultithreadedTaskDispatcher with 16 workers.
 -> (artifact id: 'a8a9e5626bcfb8bcf905a566ab91b6e7') in 0.025730 seconds
Number of updated asset objects reloaded before import = 0
Number of asset objects unloaded after import = 1
========================================================================
Received Import Request.
  Time since last request: 0.000023 seconds.
  path: Assets/Raving Bots/Prefabs/FX/Bubble FX.prefab
  artifactKey: Guid(2a6cead025585fd468aef95352fcdc5d) Importer(2089858483,0ecaa5967403d082aa24f35e1b516d23)
Start importing Assets/Raving Bots/Prefabs/FX/Bubble FX.prefab using Guid(2a6cead025585fd468aef95352fcdc5d) Importer(2089858483,0ecaa5967403d082aa24f35e1b516d23) [PhysX] Initialized MultithreadedTaskDispatcher with 16 workers.
 -> (artifact id: '631d03b4e74aa3e440e4ba1a853dc617') in 0.089235 seconds
Number of updated asset objects reloaded before import = 0
Number of asset objects unloaded after import = 6
========================================================================
Received Import Request.
  Time since last request: 0.000020 seconds.
  path: Assets/Raving Bots/Textures/Water Style 0/water 0 depths 2.tga
  artifactKey: Guid(33dbecdb01e48234b89402c6adc79f1c) Importer(2089858483,0ecaa5967403d082aa24f35e1b516d23)
Start importing Assets/Raving Bots/Textures/Water Style 0/water 0 depths 2.tga using Guid(33dbecdb01e48234b89402c6adc79f1c) Importer(2089858483,0ecaa5967403d082aa24f35e1b516d23) [PhysX] Initialized MultithreadedTaskDispatcher with 16 workers.
 -> (artifact id: '6a1a62da65366e0c49490acb2ae859f6') in 0.012625 seconds
Number of updated asset objects reloaded before import = 0
Number of asset objects unloaded after import = 1
========================================================================
Received Import Request.
  Time since last request: 0.000021 seconds.
  path: Assets/Raving Bots/Shaders/RenderTexture Water 2D Waves.shader
  artifactKey: Guid(3495f03d891c0964e83f653eabfdb079) Importer(2089858483,0ecaa5967403d082aa24f35e1b516d23)
Start importing Assets/Raving Bots/Shaders/RenderTexture Water 2D Waves.shader using Guid(3495f03d891c0964e83f653eabfdb079) Importer(2089858483,0ecaa5967403d082aa24f35e1b516d23) [PhysX] Initialized MultithreadedTaskDispatcher with 16 workers.
 -> (artifact id: 'cba38e6c22bee2a4366522ca2ef08f6b') in 0.005483 seconds
Number of updated asset objects reloaded before import = 0
Number of asset objects unloaded after import = 1
========================================================================
Received Import Request.
  Time since last request: 0.000025 seconds.
  path: Assets/TextMesh Pro/Resources/TMP Settings.asset
  artifactKey: Guid(3f5b5dff67a942289a9defa416b206f3) Importer(2089858483,0ecaa5967403d082aa24f35e1b516d23)
Start importing Assets/TextMesh Pro/Resources/TMP Settings.asset using Guid(3f5b5dff67a942289a9defa416b206f3) Importer(2089858483,0ecaa5967403d082aa24f35e1b516d23) [PhysX] Initialized MultithreadedTaskDispatcher with 16 workers.
 -> (artifact id: '73acc0cc199c40edbb49689b5898ee8f') in 0.032240 seconds
Number of updated asset objects reloaded before import = 0
Number of asset objects unloaded after import = 15
========================================================================
Received Import Request.
  Time since last request: 0.000021 seconds.
  path: Assets/Raving Bots/Sounds/Water Splash 6.wav
  artifactKey: Guid(5594ac75f3f90ce43babd9637fcd94a9) Importer(2089858483,0ecaa5967403d082aa24f35e1b516d23)
Start importing Assets/Raving Bots/Sounds/Water Splash 6.wav using Guid(5594ac75f3f90ce43babd9637fcd94a9) Importer(2089858483,0ecaa5967403d082aa24f35e1b516d23) [PhysX] Initialized MultithreadedTaskDispatcher with 16 workers.
 -> (artifact id: '004a3550f1c13536583ebe9c7fd2e101') in 0.026525 seconds
Number of updated asset objects reloaded before import = 0
Number of asset objects unloaded after import = 1
========================================================================
Received Import Request.
  Time since last request: 0.000030 seconds.
  path: Assets/Raving Bots/Textures/Water Style 0/water 0 surface 3.tga
  artifactKey: Guid(99bed8ccf7794b945ab719983a0d4915) Importer(2089858483,0ecaa5967403d082aa24f35e1b516d23)
Start importing Assets/Raving Bots/Textures/Water Style 0/water 0 surface 3.tga using Guid(99bed8ccf7794b945ab719983a0d4915) Importer(2089858483,0ecaa5967403d082aa24f35e1b516d23) [PhysX] Initialized MultithreadedTaskDispatcher with 16 workers.
 -> (artifact id: '1a851fe2e0725feb06ae751803768368') in 0.031335 seconds
Number of updated asset objects reloaded before import = 0
Number of asset objects unloaded after import = 1
========================================================================
Received Import Request.
  Time since last request: 0.000021 seconds.
  path: Assets/TextMesh Pro/Resources/Fonts & Materials/LiberationSans SDF - Drop Shadow.mat
  artifactKey: Guid(e73a58f6e2794ae7b1b7e50b7fb811b0) Importer(2089858483,0ecaa5967403d082aa24f35e1b516d23)
Start importing Assets/TextMesh Pro/Resources/Fonts & Materials/LiberationSans SDF - Drop Shadow.mat using Guid(e73a58f6e2794ae7b1b7e50b7fb811b0) Importer(2089858483,0ecaa5967403d082aa24f35e1b516d23) [PhysX] Initialized MultithreadedTaskDispatcher with 16 workers.
 -> (artifact id: '2d14335809f400f219a6d003174ef3e2') in 0.027271 seconds
Number of updated asset objects reloaded before import = 0
Number of asset objects unloaded after import = 2
========================================================================
Received Import Request.
  Time since last request: 0.000018 seconds.
  path: Assets/Scripts/UI/ExamplePanel/GameStartPanel.cs
  artifactKey: Guid(807933349e5957b4b8725e7eced00d18) Importer(2089858483,0ecaa5967403d082aa24f35e1b516d23)
Start importing Assets/Scripts/UI/ExamplePanel/GameStartPanel.cs using Guid(807933349e5957b4b8725e7eced00d18) Importer(2089858483,0ecaa5967403d082aa24f35e1b516d23) [PhysX] Initialized MultithreadedTaskDispatcher with 16 workers.
 -> (artifact id: '61d2a78a8ac4928485eb2d81756d886e') in 0.006258 seconds
Number of updated asset objects reloaded before import = 0
Number of asset objects unloaded after import = 1
========================================================================
Received Import Request.
  Time since last request: 0.000022 seconds.
  path: Assets/Raving Bots/Textures/Water Style 1/water 1 surface 2.tga
  artifactKey: Guid(8dac4545940f59d4fbf93c02f1ddf381) Importer(2089858483,0ecaa5967403d082aa24f35e1b516d23)
Start importing Assets/Raving Bots/Textures/Water Style 1/water 1 surface 2.tga using Guid(8dac4545940f59d4fbf93c02f1ddf381) Importer(2089858483,0ecaa5967403d082aa24f35e1b516d23) [PhysX] Initialized MultithreadedTaskDispatcher with 16 workers.
 -> (artifact id: '085d1615a43ed50897701950f4a1d6a6') in 0.012928 seconds
Number of updated asset objects reloaded before import = 0
Number of asset objects unloaded after import = 1
========================================================================
Received Import Request.
  Time since last request: 0.000020 seconds.
  path: Assets/Raving Bots/Materials/Water/GrabPass/Style 0/GP Water 0 Plain.mat
  artifactKey: Guid(2f63935352523f3468968142a7996e51) Importer(2089858483,0ecaa5967403d082aa24f35e1b516d23)
Start importing Assets/Raving Bots/Materials/Water/GrabPass/Style 0/GP Water 0 Plain.mat using Guid(2f63935352523f3468968142a7996e51) Importer(2089858483,0ecaa5967403d082aa24f35e1b516d23) [PhysX] Initialized MultithreadedTaskDispatcher with 16 workers.
 -> (artifact id: 'd253c8731f2ca15c7d0b90847cc87185') in 0.007991 seconds
Number of updated asset objects reloaded before import = 0
Number of asset objects unloaded after import = 3
========================================================================
Received Import Request.
  Time since last request: 0.000023 seconds.
  path: Assets/Raving Bots/Textures/Water Style 1/water 1 depths 4.tga
  artifactKey: Guid(c6b7eee774a123b48986ce4efc6864f0) Importer(2089858483,0ecaa5967403d082aa24f35e1b516d23)
Start importing Assets/Raving Bots/Textures/Water Style 1/water 1 depths 4.tga using Guid(c6b7eee774a123b48986ce4efc6864f0) Importer(2089858483,0ecaa5967403d082aa24f35e1b516d23) [PhysX] Initialized MultithreadedTaskDispatcher with 16 workers.
 -> (artifact id: 'deaef5e5e8f8173c2c7f797cc3345394') in 0.012958 seconds
Number of updated asset objects reloaded before import = 0
Number of asset objects unloaded after import = 1
========================================================================
Received Import Request.
  Time since last request: 0.000020 seconds.
  path: Assets/Raving Bots/Textures/Water Style 2/water 2 depths 3.tga
  artifactKey: Guid(3c169e77cb667db42834de1d8c9f6dbc) Importer(2089858483,0ecaa5967403d082aa24f35e1b516d23)
Start importing Assets/Raving Bots/Textures/Water Style 2/water 2 depths 3.tga using Guid(3c169e77cb667db42834de1d8c9f6dbc) Importer(2089858483,0ecaa5967403d082aa24f35e1b516d23) [PhysX] Initialized MultithreadedTaskDispatcher with 16 workers.
 -> (artifact id: 'c1e7fe9a000fc423130e6eb5b80cf7df') in 0.013484 seconds
Number of updated asset objects reloaded before import = 0
Number of asset objects unloaded after import = 1
========================================================================
Received Import Request.
  Time since last request: 0.000021 seconds.
  path: Assets/Raving Bots/Textures/Water Style 1/water 1 depths 2.tga
  artifactKey: Guid(aea5a963083625742aab6fdefc63d864) Importer(2089858483,0ecaa5967403d082aa24f35e1b516d23)
Start importing Assets/Raving Bots/Textures/Water Style 1/water 1 depths 2.tga using Guid(aea5a963083625742aab6fdefc63d864) Importer(2089858483,0ecaa5967403d082aa24f35e1b516d23) [PhysX] Initialized MultithreadedTaskDispatcher with 16 workers.
 -> (artifact id: '1d54022efccd65eed14adee1f21d74f2') in 0.011571 seconds
Number of updated asset objects reloaded before import = 0
Number of asset objects unloaded after import = 1
========================================================================
Received Import Request.
  Time since last request: 0.000018 seconds.
  path: Assets/Raving Bots/Materials/Water/GrabPass/Style 1/GP Water 1 Waves 0.mat
  artifactKey: Guid(7625a20423780ca4dbecb0195e3e55e0) Importer(2089858483,0ecaa5967403d082aa24f35e1b516d23)
Start importing Assets/Raving Bots/Materials/Water/GrabPass/Style 1/GP Water 1 Waves 0.mat using Guid(7625a20423780ca4dbecb0195e3e55e0) Importer(2089858483,0ecaa5967403d082aa24f35e1b516d23) [PhysX] Initialized MultithreadedTaskDispatcher with 16 workers.
 -> (artifact id: '5bfe8b6186bedc6816e4bb272b3e551b') in 0.011539 seconds
Number of updated asset objects reloaded before import = 0
Number of asset objects unloaded after import = 4
========================================================================
Received Import Request.
  Time since last request: 0.000020 seconds.
  path: Assets/Raving Bots/Materials/Water/RenderTexture/Style 0/RT Water 0 Waves 4.mat
  artifactKey: Guid(4ec4f4b02b6481442bfc2755c89fd6ee) Importer(2089858483,0ecaa5967403d082aa24f35e1b516d23)
Start importing Assets/Raving Bots/Materials/Water/RenderTexture/Style 0/RT Water 0 Waves 4.mat using Guid(4ec4f4b02b6481442bfc2755c89fd6ee) Importer(2089858483,0ecaa5967403d082aa24f35e1b516d23) [PhysX] Initialized MultithreadedTaskDispatcher with 16 workers.
 -> (artifact id: '011b9acb1355ffde60714f3ba5d0a49f') in 0.016220 seconds
Number of updated asset objects reloaded before import = 0
Number of asset objects unloaded after import = 5
========================================================================
Received Import Request.
  Time since last request: 0.000020 seconds.
  path: Assets/Raving Bots/Textures/Water Style 1/water 1 surface 0.tga
  artifactKey: Guid(dc2489284a5e63e4cb4a3c0a6159ed0f) Importer(2089858483,0ecaa5967403d082aa24f35e1b516d23)
Start importing Assets/Raving Bots/Textures/Water Style 1/water 1 surface 0.tga using Guid(dc2489284a5e63e4cb4a3c0a6159ed0f) Importer(2089858483,0ecaa5967403d082aa24f35e1b516d23) [PhysX] Initialized MultithreadedTaskDispatcher with 16 workers.
 -> (artifact id: '2916c2ca1b36a8b08e06ecc982424e4e') in 0.012831 seconds
Number of updated asset objects reloaded before import = 0
Number of asset objects unloaded after import = 1
========================================================================
Received Import Request.
  Time since last request: 0.000028 seconds.
  path: Assets/Raving Bots/Textures/Water Style 1/water 1 surface 1.tga
  artifactKey: Guid(ca13b3ae94057ad48b58430fe99e77e8) Importer(2089858483,0ecaa5967403d082aa24f35e1b516d23)
Start importing Assets/Raving Bots/Textures/Water Style 1/water 1 surface 1.tga using Guid(ca13b3ae94057ad48b58430fe99e77e8) Importer(2089858483,0ecaa5967403d082aa24f35e1b516d23) [PhysX] Initialized MultithreadedTaskDispatcher with 16 workers.
 -> (artifact id: '6ddf70b7bbc9ee41546ac7d31e7edbf2') in 0.012956 seconds
Number of updated asset objects reloaded before import = 0
Number of asset objects unloaded after import = 1
========================================================================
Received Import Request.
  Time since last request: 0.000020 seconds.
  path: Assets/Raving Bots/Textures/Water Style 1/water 1 surface 3.tga
  artifactKey: Guid(c3b945496f1e71546828c14ac0bfe24f) Importer(2089858483,0ecaa5967403d082aa24f35e1b516d23)
Start importing Assets/Raving Bots/Textures/Water Style 1/water 1 surface 3.tga using Guid(c3b945496f1e71546828c14ac0bfe24f) Importer(2089858483,0ecaa5967403d082aa24f35e1b516d23) [PhysX] Initialized MultithreadedTaskDispatcher with 16 workers.
 -> (artifact id: 'ee35ef89d155a44f57092edcd6185050') in 0.013626 seconds
Number of updated asset objects reloaded before import = 0
Number of asset objects unloaded after import = 1
========================================================================
Received Import Request.
  Time since last request: 0.000020 seconds.
  path: Assets/Raving Bots/Textures/Water Style 2/water 2 surface 1.tga
  artifactKey: Guid(af8ccbcbc060c3b498039a7d7d387016) Importer(2089858483,0ecaa5967403d082aa24f35e1b516d23)
Start importing Assets/Raving Bots/Textures/Water Style 2/water 2 surface 1.tga using Guid(af8ccbcbc060c3b498039a7d7d387016) Importer(2089858483,0ecaa5967403d082aa24f35e1b516d23) [PhysX] Initialized MultithreadedTaskDispatcher with 16 workers.
 -> (artifact id: '7352826fd84052ea3e49fb7a24c126d4') in 0.011975 seconds
Number of updated asset objects reloaded before import = 0
Number of asset objects unloaded after import = 1
========================================================================
Received Import Request.
  Time since last request: 0.000031 seconds.
  path: Assets/Raving Bots/Materials/Water/GrabPass/Style 0/GP Water 0 Waves 2.mat
  artifactKey: Guid(d25eb6997292ed34f86509506c994083) Importer(2089858483,0ecaa5967403d082aa24f35e1b516d23)
Start importing Assets/Raving Bots/Materials/Water/GrabPass/Style 0/GP Water 0 Waves 2.mat using Guid(d25eb6997292ed34f86509506c994083) Importer(2089858483,0ecaa5967403d082aa24f35e1b516d23) [PhysX] Initialized MultithreadedTaskDispatcher with 16 workers.
 -> (artifact id: '521d224ef4a8d41d07e42a8961895c94') in 0.009825 seconds
Number of updated asset objects reloaded before import = 0
Number of asset objects unloaded after import = 4
========================================================================
Received Import Request.
  Time since last request: 0.000023 seconds.
  path: Assets/Scripts/UI/ExamplePanel/GamePausePanel.cs
  artifactKey: Guid(fd23bc3effdc2194090b114d8dee10f6) Importer(2089858483,0ecaa5967403d082aa24f35e1b516d23)
Start importing Assets/Scripts/UI/ExamplePanel/GamePausePanel.cs using Guid(fd23bc3effdc2194090b114d8dee10f6) Importer(2089858483,0ecaa5967403d082aa24f35e1b516d23) [PhysX] Initialized MultithreadedTaskDispatcher with 16 workers.
 -> (artifact id: 'd760246018f15baa098916583a8b70b1') in 0.006141 seconds
Number of updated asset objects reloaded before import = 0
Number of asset objects unloaded after import = 1
========================================================================
Received Import Request.
  Time since last request: 0.000022 seconds.
  path: Assets/Raving Bots/Textures/Water Style 0/water 0 surface 0.tga
  artifactKey: Guid(6a5f21d84172d564789dc1f74a1a1003) Importer(2089858483,0ecaa5967403d082aa24f35e1b516d23)
Start importing Assets/Raving Bots/Textures/Water Style 0/water 0 surface 0.tga using Guid(6a5f21d84172d564789dc1f74a1a1003) Importer(2089858483,0ecaa5967403d082aa24f35e1b516d23) [PhysX] Initialized MultithreadedTaskDispatcher with 16 workers.
 -> (artifact id: 'bab665dbeb342df9be39c4520edf214e') in 0.011711 seconds
Number of updated asset objects reloaded before import = 0
Number of asset objects unloaded after import = 1
========================================================================
Received Import Request.
  Time since last request: 0.000027 seconds.
  path: Assets/TextMesh Pro/Resources/Fonts & Materials/LiberationSans SDF - Outline.mat
  artifactKey: Guid(79459efec17a4d00a321bdcc27bbc385) Importer(2089858483,0ecaa5967403d082aa24f35e1b516d23)
Start importing Assets/TextMesh Pro/Resources/Fonts & Materials/LiberationSans SDF - Outline.mat using Guid(79459efec17a4d00a321bdcc27bbc385) Importer(2089858483,0ecaa5967403d082aa24f35e1b516d23) [PhysX] Initialized MultithreadedTaskDispatcher with 16 workers.
 -> (artifact id: 'ad629b086d53d8adf8eb5c0b85b75034') in 0.023748 seconds
Number of updated asset objects reloaded before import = 0
Number of asset objects unloaded after import = 2
========================================================================
Received Import Request.
  Time since last request: 0.000019 seconds.
  path: Assets/Scripts/UI/ExamplePanel/GamePanel.cs
  artifactKey: Guid(7b9ec7a576c26a5479c2d1b485651588) Importer(2089858483,0ecaa5967403d082aa24f35e1b516d23)
Start importing Assets/Scripts/UI/ExamplePanel/GamePanel.cs using Guid(7b9ec7a576c26a5479c2d1b485651588) Importer(2089858483,0ecaa5967403d082aa24f35e1b516d23) [PhysX] Initialized MultithreadedTaskDispatcher with 16 workers.
 -> (artifact id: '73ebcaafe2f4d406d74f3f03f62c58a4') in 0.005130 seconds
Number of updated asset objects reloaded before import = 0
Number of asset objects unloaded after import = 1
========================================================================
Received Import Request.
  Time since last request: 0.000020 seconds.
  path: Assets/Raving Bots/Materials/Water/GrabPass/Style 2/GP Water 2 Waves 4.mat
  artifactKey: Guid(c41ceef1b087ba14487f392e1e4bca12) Importer(2089858483,0ecaa5967403d082aa24f35e1b516d23)
Start importing Assets/Raving Bots/Materials/Water/GrabPass/Style 2/GP Water 2 Waves 4.mat using Guid(c41ceef1b087ba14487f392e1e4bca12) Importer(2089858483,0ecaa5967403d082aa24f35e1b516d23) [PhysX] Initialized MultithreadedTaskDispatcher with 16 workers.
 -> (artifact id: '9c2832c890e23105cdbdaa6d46aa4391') in 0.008786 seconds
Number of updated asset objects reloaded before import = 0
Number of asset objects unloaded after import = 4
========================================================================
Received Import Request.
  Time since last request: 0.000019 seconds.
  path: Assets/Raving Bots/Materials/Water/RenderTexture/Style 0/RT Water 0 Waves 1.mat
  artifactKey: Guid(91e54fc651a540c4e97e1ea01bd21e16) Importer(2089858483,0ecaa5967403d082aa24f35e1b516d23)
Start importing Assets/Raving Bots/Materials/Water/RenderTexture/Style 0/RT Water 0 Waves 1.mat using Guid(91e54fc651a540c4e97e1ea01bd21e16) Importer(2089858483,0ecaa5967403d082aa24f35e1b516d23) [PhysX] Initialized MultithreadedTaskDispatcher with 16 workers.
 -> (artifact id: '5233412183cdad469b1d43a3212b730b') in 0.012793 seconds
Number of updated asset objects reloaded before import = 0
Number of asset objects unloaded after import = 5
========================================================================
Received Import Request.
  Time since last request: 0.000018 seconds.
  path: Assets/TextMesh Pro/Resources/Fonts & Materials/LiberationSans SDF - Fallback.asset
  artifactKey: Guid(2e498d1c8094910479dc3e1b768306a4) Importer(2089858483,0ecaa5967403d082aa24f35e1b516d23)
Start importing Assets/TextMesh Pro/Resources/Fonts & Materials/LiberationSans SDF - Fallback.asset using Guid(2e498d1c8094910479dc3e1b768306a4) Importer(2089858483,0ecaa5967403d082aa24f35e1b516d23) [PhysX] Initialized MultithreadedTaskDispatcher with 16 workers.
 -> (artifact id: '89349d4a8ec78ba14aec2d3bda313ce9') in 0.018246 seconds
Number of updated asset objects reloaded before import = 0
Number of asset objects unloaded after import = 5
========================================================================
Received Import Request.
  Time since last request: 0.000031 seconds.
  path: Assets/TextMesh Pro/Resources/Style Sheets/Default Style Sheet.asset
  artifactKey: Guid(f952c082cb03451daed3ee968ac6c63e) Importer(2089858483,0ecaa5967403d082aa24f35e1b516d23)
Start importing Assets/TextMesh Pro/Resources/Style Sheets/Default Style Sheet.asset using Guid(f952c082cb03451daed3ee968ac6c63e) Importer(2089858483,0ecaa5967403d082aa24f35e1b516d23) [PhysX] Initialized MultithreadedTaskDispatcher with 16 workers.
 -> (artifact id: '1a89fbb4d6cdf76b0ff11e36a7a744c5') in 0.006095 seconds
Number of updated asset objects reloaded before import = 0
Number of asset objects unloaded after import = 1
========================================================================
Received Import Request.
  Time since last request: 0.000019 seconds.
  path: Assets/TextMesh Pro/Resources/Fonts & Materials/LiberationSans SDF.asset
  artifactKey: Guid(8f586378b4e144a9851e7b34d9b748ee) Importer(2089858483,0ecaa5967403d082aa24f35e1b516d23)
Start importing Assets/TextMesh Pro/Resources/Fonts & Materials/LiberationSans SDF.asset using Guid(8f586378b4e144a9851e7b34d9b748ee) Importer(2089858483,0ecaa5967403d082aa24f35e1b516d23) [PhysX] Initialized MultithreadedTaskDispatcher with 16 workers.
 -> (artifact id: '3a61e00ed9edca3048fdc57d160ddde3') in 0.034307 seconds
Number of updated asset objects reloaded before import = 0
Number of asset objects unloaded after import = 8
========================================================================
Received Import Request.
  Time since last request: 0.000019 seconds.
  path: Assets/Art/Image/气泡1.png
  artifactKey: Guid(0907d9cc5a1c13144a1ae989732fc55a) Importer(2089858483,0ecaa5967403d082aa24f35e1b516d23)
Start importing Assets/Art/Image/气泡1.png using Guid(0907d9cc5a1c13144a1ae989732fc55a) Importer(2089858483,0ecaa5967403d082aa24f35e1b516d23) [PhysX] Initialized MultithreadedTaskDispatcher with 16 workers.
 -> (artifact id: 'dee4752f6d293c8dbe6723beead6b6b9') in 0.014230 seconds
Number of updated asset objects reloaded before import = 0
Number of asset objects unloaded after import = 3
========================================================================
Received Import Request.
  Time since last request: 0.000019 seconds.
  path: Assets/Script/BackPack/AssetsLibrary.cs
  artifactKey: Guid(58bd3fd760815234a98bbb8df221c864) Importer(2089858483,0ecaa5967403d082aa24f35e1b516d23)
Start importing Assets/Script/BackPack/AssetsLibrary.cs using Guid(58bd3fd760815234a98bbb8df221c864) Importer(2089858483,0ecaa5967403d082aa24f35e1b516d23) [PhysX] Initialized MultithreadedTaskDispatcher with 16 workers.
 -> (artifact id: '81f2206dbf4482cdd637a7eb11088693') in 0.006262 seconds
Number of updated asset objects reloaded before import = 0
Number of asset objects unloaded after import = 1
========================================================================
Received Import Request.
  Time since last request: 0.000025 seconds.
  path: Assets/Raving Bots/Sounds/Water Splash 4.wav
  artifactKey: Guid(34289aa0dcff8424db0a2f1ae048b717) Importer(2089858483,0ecaa5967403d082aa24f35e1b516d23)
Start importing Assets/Raving Bots/Sounds/Water Splash 4.wav using Guid(34289aa0dcff8424db0a2f1ae048b717) Importer(2089858483,0ecaa5967403d082aa24f35e1b516d23) [PhysX] Initialized MultithreadedTaskDispatcher with 16 workers.
 -> (artifact id: '8d63f179b4c9e986506e2eaa639c693b') in 0.028468 seconds
Number of updated asset objects reloaded before import = 0
Number of asset objects unloaded after import = 1
========================================================================
Received Import Request.
  Time since last request: 0.000022 seconds.
  path: Assets/TextMesh Pro/Shaders/TMP_Bitmap-Mobile.shader
  artifactKey: Guid(1e3b057af24249748ff873be7fafee47) Importer(2089858483,0ecaa5967403d082aa24f35e1b516d23)
Start importing Assets/TextMesh Pro/Shaders/TMP_Bitmap-Mobile.shader using Guid(1e3b057af24249748ff873be7fafee47) Importer(2089858483,0ecaa5967403d082aa24f35e1b516d23) [PhysX] Initialized MultithreadedTaskDispatcher with 16 workers.
 -> (artifact id: '33423913bfe6bd5380ee36a1e80f9c8e') in 0.006609 seconds
Number of updated asset objects reloaded before import = 0
Number of asset objects unloaded after import = 1
========================================================================
Received Import Request.
  Time since last request: 0.000026 seconds.
  path: Assets/Art/Image/2客厅.jpg
  artifactKey: Guid(f104a174aaf2d6a4c8f92b22a7f5ef7e) Importer(2089858483,0ecaa5967403d082aa24f35e1b516d23)
Start importing Assets/Art/Image/2客厅.jpg using Guid(f104a174aaf2d6a4c8f92b22a7f5ef7e) Importer(2089858483,0ecaa5967403d082aa24f35e1b516d23) [PhysX] Initialized MultithreadedTaskDispatcher with 16 workers.
 -> (artifact id: '9d3f884236940800f02fce18e416796c') in 0.015272 seconds
Number of updated asset objects reloaded before import = 0
Number of asset objects unloaded after import = 3
========================================================================
Received Import Request.
  Time since last request: 0.000033 seconds.
  path: Assets/Raving Bots/Textures/Water FX/bubble full.tga
  artifactKey: Guid(238c6e85f1159044e8cde6d574dd35eb) Importer(2089858483,0ecaa5967403d082aa24f35e1b516d23)
Start importing Assets/Raving Bots/Textures/Water FX/bubble full.tga using Guid(238c6e85f1159044e8cde6d574dd35eb) Importer(2089858483,0ecaa5967403d082aa24f35e1b516d23) [PhysX] Initialized MultithreadedTaskDispatcher with 16 workers.
 -> (artifact id: 'd4cfd4976c028777bb271e0eebab8536') in 0.011579 seconds
Number of updated asset objects reloaded before import = 0
Number of asset objects unloaded after import = 1
========================================================================
Received Import Request.
  Time since last request: 0.000017 seconds.
  path: Assets/Raving Bots/Textures/Water Style 0/water 0 depths 1.tga
  artifactKey: Guid(04359d18f262d56449e7a1d171105129) Importer(2089858483,0ecaa5967403d082aa24f35e1b516d23)
Start importing Assets/Raving Bots/Textures/Water Style 0/water 0 depths 1.tga using Guid(04359d18f262d56449e7a1d171105129) Importer(2089858483,0ecaa5967403d082aa24f35e1b516d23) [PhysX] Initialized MultithreadedTaskDispatcher with 16 workers.
 -> (artifact id: 'e7c900650911bde9cc79fe8a9c7ab1a7') in 0.010846 seconds
Number of updated asset objects reloaded before import = 0
Number of asset objects unloaded after import = 1
========================================================================
Received Import Request.
  Time since last request: 0.000024 seconds.
  path: Assets/Art/Image/气泡2.png
  artifactKey: Guid(ad9e6b4f53c6ea94ea855ebb34dbe87b) Importer(2089858483,0ecaa5967403d082aa24f35e1b516d23)
Start importing Assets/Art/Image/气泡2.png using Guid(ad9e6b4f53c6ea94ea855ebb34dbe87b) Importer(2089858483,0ecaa5967403d082aa24f35e1b516d23) [PhysX] Initialized MultithreadedTaskDispatcher with 16 workers.
 -> (artifact id: '6c65c1c1c8853b9f577e72c6aa07a649') in 0.014870 seconds
Number of updated asset objects reloaded before import = 0
Number of asset objects unloaded after import = 3
========================================================================
Received Import Request.
  Time since last request: 0.000023 seconds.
  path: Assets/Raving Bots/Scripts/Water2D/Water2DSplashFX.cs
  artifactKey: Guid(f029e799d14a039469223e268cce8919) Importer(2089858483,0ecaa5967403d082aa24f35e1b516d23)
Start importing Assets/Raving Bots/Scripts/Water2D/Water2DSplashFX.cs using Guid(f029e799d14a039469223e268cce8919) Importer(2089858483,0ecaa5967403d082aa24f35e1b516d23) [PhysX] Initialized MultithreadedTaskDispatcher with 16 workers.
 -> (artifact id: '1b79e39942ce23c880e730de8d88712a') in 0.006599 seconds
Number of updated asset objects reloaded before import = 0
Number of asset objects unloaded after import = 1
========================================================================
Received Import Request.
  Time since last request: 0.000022 seconds.
  path: Assets/Raving Bots/Materials/Water/RenderTexture/Style 2/RT Water 2 Waves 2.mat
  artifactKey: Guid(9b2a28174852fe146bfb10e275a058ef) Importer(2089858483,0ecaa5967403d082aa24f35e1b516d23)
Start importing Assets/Raving Bots/Materials/Water/RenderTexture/Style 2/RT Water 2 Waves 2.mat using Guid(9b2a28174852fe146bfb10e275a058ef) Importer(2089858483,0ecaa5967403d082aa24f35e1b516d23) [PhysX] Initialized MultithreadedTaskDispatcher with 16 workers.
 -> (artifact id: '8bd1196de4df56ad0d147cdcafc03292') in 0.010448 seconds
Number of updated asset objects reloaded before import = 0
Number of asset objects unloaded after import = 5
========================================================================
Received Import Request.
  Time since last request: 0.000023 seconds.
  path: Assets/Raving Bots/Materials/Water/RenderTexture/Style 1/RT Water 1 Waves 1.mat
  artifactKey: Guid(4d968fdbd1f1c6f45ac2f3552d17887e) Importer(2089858483,0ecaa5967403d082aa24f35e1b516d23)
Start importing Assets/Raving Bots/Materials/Water/RenderTexture/Style 1/RT Water 1 Waves 1.mat using Guid(4d968fdbd1f1c6f45ac2f3552d17887e) Importer(2089858483,0ecaa5967403d082aa24f35e1b516d23) [PhysX] Initialized MultithreadedTaskDispatcher with 16 workers.
 -> (artifact id: '1699ef0b7338ccbcfa02e01924e05e0c') in 0.011639 seconds
Number of updated asset objects reloaded before import = 0
Number of asset objects unloaded after import = 5
========================================================================
Received Import Request.
  Time since last request: 0.000020 seconds.
  path: Assets/Raving Bots/Materials/Water/RenderTexture/Style 2/RT Water 2 Waves 0.mat
  artifactKey: Guid(970f02393149e7a4b95784303bdeb1fc) Importer(2089858483,0ecaa5967403d082aa24f35e1b516d23)
Start importing Assets/Raving Bots/Materials/Water/RenderTexture/Style 2/RT Water 2 Waves 0.mat using Guid(970f02393149e7a4b95784303bdeb1fc) Importer(2089858483,0ecaa5967403d082aa24f35e1b516d23) [PhysX] Initialized MultithreadedTaskDispatcher with 16 workers.
 -> (artifact id: 'ce7a4850b3b1efe20612432b94d091e9') in 0.009717 seconds
Number of updated asset objects reloaded before import = 0
Number of asset objects unloaded after import = 5
========================================================================
Received Import Request.
  Time since last request: 0.000023 seconds.
  path: Assets/Raving Bots/Materials/Water/RenderTexture/Style 1/RT Water 1 Waves 2.mat
  artifactKey: Guid(420ef5e1db198164bbaef91e12e04008) Importer(2089858483,0ecaa5967403d082aa24f35e1b516d23)
Start importing Assets/Raving Bots/Materials/Water/RenderTexture/Style 1/RT Water 1 Waves 2.mat using Guid(420ef5e1db198164bbaef91e12e04008) Importer(2089858483,0ecaa5967403d082aa24f35e1b516d23) [PhysX] Initialized MultithreadedTaskDispatcher with 16 workers.
 -> (artifact id: '93ab06e3f10665bc772de73a560e3bd9') in 0.010231 seconds
Number of updated asset objects reloaded before import = 0
Number of asset objects unloaded after import = 5
========================================================================
Received Import Request.
  Time since last request: 0.000019 seconds.
  path: Assets/Raving Bots/Materials/Water/RenderTexture/Style 2/RT Water 2 Waves 4.mat
  artifactKey: Guid(1397937acceba4b4191e2a8057638ad4) Importer(2089858483,0ecaa5967403d082aa24f35e1b516d23)
Start importing Assets/Raving Bots/Materials/Water/RenderTexture/Style 2/RT Water 2 Waves 4.mat using Guid(1397937acceba4b4191e2a8057638ad4) Importer(2089858483,0ecaa5967403d082aa24f35e1b516d23) [PhysX] Initialized MultithreadedTaskDispatcher with 16 workers.
 -> (artifact id: '7aadde296f2206b0448bb0e67cb44061') in 0.011127 seconds
Number of updated asset objects reloaded before import = 0
Number of asset objects unloaded after import = 5
========================================================================
Received Import Request.
  Time since last request: 0.000020 seconds.
  path: Assets/Art/Music/摄像机声音(camera sound)_爱给网_aigei_com.mp3
  artifactKey: Guid(1ea4f3ce9e2bad44eb4e5f70e31275d1) Importer(2089858483,0ecaa5967403d082aa24f35e1b516d23)
Start importing Assets/Art/Music/摄像机声音(camera sound)_爱给网_aigei_com.mp3 using Guid(1ea4f3ce9e2bad44eb4e5f70e31275d1) Importer(2089858483,0ecaa5967403d082aa24f35e1b516d23) [PhysX] Initialized MultithreadedTaskDispatcher with 16 workers.
 -> (artifact id: 'e7cdfa6ca583365eaa40bd24428072b3') in 0.027234 seconds
Number of updated asset objects reloaded before import = 0
Number of asset objects unloaded after import = 1
========================================================================
Received Import Request.
  Time since last request: 0.000026 seconds.
  path: Assets/Raving Bots/Textures/Water Style 2/water 2 depths 2.tga
  artifactKey: Guid(66992e80806a0e143acf2d7e11f17585) Importer(2089858483,0ecaa5967403d082aa24f35e1b516d23)
Start importing Assets/Raving Bots/Textures/Water Style 2/water 2 depths 2.tga using Guid(66992e80806a0e143acf2d7e11f17585) Importer(2089858483,0ecaa5967403d082aa24f35e1b516d23) [PhysX] Initialized MultithreadedTaskDispatcher with 16 workers.
 -> (artifact id: '539a0eae431c7d073c6bf77a3ede3733') in 0.012454 seconds
Number of updated asset objects reloaded before import = 0
Number of asset objects unloaded after import = 1
========================================================================
Received Import Request.
  Time since last request: 0.000021 seconds.
  path: Assets/Raving Bots/Textures/Water Style 2/water 2 surface 3.tga
  artifactKey: Guid(7dd4ebf433e14ec4d915cd5a04d738f6) Importer(2089858483,0ecaa5967403d082aa24f35e1b516d23)
Start importing Assets/Raving Bots/Textures/Water Style 2/water 2 surface 3.tga using Guid(7dd4ebf433e14ec4d915cd5a04d738f6) Importer(2089858483,0ecaa5967403d082aa24f35e1b516d23) [PhysX] Initialized MultithreadedTaskDispatcher with 16 workers.
 -> (artifact id: 'cbf3e6e0bab35da690dac9c362f4bcf4') in 0.014659 seconds
Number of updated asset objects reloaded before import = 0
Number of asset objects unloaded after import = 1
========================================================================
Received Import Request.
  Time since last request: 0.000019 seconds.
  path: Assets/Raving Bots/Materials/Water/GrabPass/Style 1/GP Water 1 Waves 3.mat
  artifactKey: Guid(0ebd9e917ed317846a63b8db75c671d3) Importer(2089858483,0ecaa5967403d082aa24f35e1b516d23)
Start importing Assets/Raving Bots/Materials/Water/GrabPass/Style 1/GP Water 1 Waves 3.mat using Guid(0ebd9e917ed317846a63b8db75c671d3) Importer(2089858483,0ecaa5967403d082aa24f35e1b516d23) [PhysX] Initialized MultithreadedTaskDispatcher with 16 workers.
 -> (artifact id: '2b89f0f517f48379251d9eb1c47036c0') in 0.011116 seconds
Number of updated asset objects reloaded before import = 0
Number of asset objects unloaded after import = 4
========================================================================
Received Import Request.
  Time since last request: 0.000023 seconds.
  path: Assets/Raving Bots/Sounds/Water Splash 5.wav
  artifactKey: Guid(8a58a867a9da2cd4d886d3730482223f) Importer(2089858483,0ecaa5967403d082aa24f35e1b516d23)
Start importing Assets/Raving Bots/Sounds/Water Splash 5.wav using Guid(8a58a867a9da2cd4d886d3730482223f) Importer(2089858483,0ecaa5967403d082aa24f35e1b516d23) [PhysX] Initialized MultithreadedTaskDispatcher with 16 workers.
 -> (artifact id: 'b21da44a9b4996407baf5301cdf08775') in 0.023989 seconds
Number of updated asset objects reloaded before import = 0
Number of asset objects unloaded after import = 1
========================================================================
Received Import Request.
  Time since last request: 0.000027 seconds.
  path: Assets/Raving Bots/Examples/Water 2D RenderTexture.unity
  artifactKey: Guid(1a7135406e2892b46bc2af5bd279721a) Importer(2089858483,0ecaa5967403d082aa24f35e1b516d23)
Start importing Assets/Raving Bots/Examples/Water 2D RenderTexture.unity using Guid(1a7135406e2892b46bc2af5bd279721a) Importer(2089858483,0ecaa5967403d082aa24f35e1b516d23) [PhysX] Initialized MultithreadedTaskDispatcher with 16 workers.
 -> (artifact id: '18c3b7eb264c5ec876ee86201871dce3') in 0.005541 seconds
Number of updated asset objects reloaded before import = 0
Number of asset objects unloaded after import = 1
========================================================================
Received Import Request.
  Time since last request: 0.000033 seconds.
  path: Assets/Raving Bots/Textures/Water Style 0/water 0 surface 1.tga
  artifactKey: Guid(518bfd94eeedd3a4b9a0d072508aad9d) Importer(2089858483,0ecaa5967403d082aa24f35e1b516d23)
Start importing Assets/Raving Bots/Textures/Water Style 0/water 0 surface 1.tga using Guid(518bfd94eeedd3a4b9a0d072508aad9d) Importer(2089858483,0ecaa5967403d082aa24f35e1b516d23) [PhysX] Initialized MultithreadedTaskDispatcher with 16 workers.
 -> (artifact id: 'a785ab6cef9b497d38969e1d0595a233') in 0.011905 seconds
Number of updated asset objects reloaded before import = 0
Number of asset objects unloaded after import = 1
========================================================================
Received Import Request.
  Time since last request: 0.000022 seconds.
  path: Assets/Raving Bots/Materials/Water/RenderTexture/Style 1/RT Water 1 Plain.mat
  artifactKey: Guid(077b072b7f55564498247f3d314707cc) Importer(2089858483,0ecaa5967403d082aa24f35e1b516d23)
Start importing Assets/Raving Bots/Materials/Water/RenderTexture/Style 1/RT Water 1 Plain.mat using Guid(077b072b7f55564498247f3d314707cc) Importer(2089858483,0ecaa5967403d082aa24f35e1b516d23) [PhysX] Initialized MultithreadedTaskDispatcher with 16 workers.
 -> (artifact id: '21b03e4dbddd2bf03b19e799f2d22101') in 0.009094 seconds
Number of updated asset objects reloaded before import = 0
Number of asset objects unloaded after import = 4
========================================================================
Received Import Request.
  Time since last request: 0.000028 seconds.
  path: Assets/Raving Bots/Prefabs/Scene/Water 2D Physics.prefab
  artifactKey: Guid(481cfb28fcec19343b11e4b5249c4c36) Importer(2089858483,0ecaa5967403d082aa24f35e1b516d23)
Start importing Assets/Raving Bots/Prefabs/Scene/Water 2D Physics.prefab using Guid(481cfb28fcec19343b11e4b5249c4c36) Importer(2089858483,0ecaa5967403d082aa24f35e1b516d23) [PhysX] Initialized MultithreadedTaskDispatcher with 16 workers.
 -> (artifact id: '91227023c9634290efefc9101b197879') in 0.004163 seconds
Number of updated asset objects reloaded before import = 0
Number of asset objects unloaded after import = 0
========================================================================
Received Import Request.
  Time since last request: 0.000080 seconds.
  path: Assets/TextMesh Pro/Shaders/TMP_SDF-Surface-Mobile.shader
  artifactKey: Guid(85187c2149c549c5b33f0cdb02836b17) Importer(2089858483,0ecaa5967403d082aa24f35e1b516d23)
Start importing Assets/TextMesh Pro/Shaders/TMP_SDF-Surface-Mobile.shader using Guid(85187c2149c549c5b33f0cdb02836b17) Importer(2089858483,0ecaa5967403d082aa24f35e1b516d23) [PhysX] Initialized MultithreadedTaskDispatcher with 16 workers.
 -> (artifact id: 'fac61a1798bb2a3565ef54461967e606') in 0.006590 seconds
Number of updated asset objects reloaded before import = 0
Number of asset objects unloaded after import = 1
========================================================================
Received Import Request.
  Time since last request: 0.000095 seconds.
  path: Assets/Raving Bots/Materials/Water/GrabPass/Style 2/GP Water 2 Waves 3.mat
  artifactKey: Guid(8e2dccd35de068947bd6d6d024a79390) Importer(2089858483,0ecaa5967403d082aa24f35e1b516d23)
Start importing Assets/Raving Bots/Materials/Water/GrabPass/Style 2/GP Water 2 Waves 3.mat using Guid(8e2dccd35de068947bd6d6d024a79390) Importer(2089858483,0ecaa5967403d082aa24f35e1b516d23) [PhysX] Initialized MultithreadedTaskDispatcher with 16 workers.
 -> (artifact id: '93e8d9bde85bf29231c95a0fd43aa118') in 0.013140 seconds
Number of updated asset objects reloaded before import = 0
Number of asset objects unloaded after import = 4
========================================================================
Received Import Request.
  Time since last request: 0.000020 seconds.
  path: Assets/Raving Bots/Materials/Water/RenderTexture/Style 2/RT Water 2 Waves 1.mat
  artifactKey: Guid(040775b0b5378fc49a3b33f994c052e1) Importer(2089858483,0ecaa5967403d082aa24f35e1b516d23)
Start importing Assets/Raving Bots/Materials/Water/RenderTexture/Style 2/RT Water 2 Waves 1.mat using Guid(040775b0b5378fc49a3b33f994c052e1) Importer(2089858483,0ecaa5967403d082aa24f35e1b516d23) [PhysX] Initialized MultithreadedTaskDispatcher with 16 workers.
 -> (artifact id: '21e0e33585f5e43767501f9315fffaf3') in 0.010311 seconds
Number of updated asset objects reloaded before import = 0
Number of asset objects unloaded after import = 5
Editor requested this worker to shutdown with reason: Scaling down because of idle timeout
TcpMessagingSession - receive error: operation aborted. errorcode: 995, details: ߳˳Ӧóֹ I/O 
AssetImportWorker is now disconnected from the server
Process exiting
Exiting without the bug reporter. Application will terminate with return code 0